app/build/intermediates/manifest_merge_blame_file/debug/processDebugMainManifest/manifest-merger-blame-debug-report.txt
1<?xml version="1.0" encoding="utf-8"?>
2<manifest xmlns:android="http://schemas.android.com/apk/res/android"
3    package="com.example.nammashaaleinventory"
4    android:versionCode="1"
5    android:versionName="1.0" >
6
7    <uses-sdk
8        android:minSdkVersion="26"
9        android:targetSdkVersion="36" />
10
11    <uses-permission android:name="android.permission.CAMERA" />
11-->src\main\AndroidManifest.xml:4:5-65
11-->src\main\AndroidManifest.xml:4:22-62
12    <uses-permission android:name="android.permission.READ_MEDIA_IMAGES" />
12-->src\main\AndroidManifest.xml:5:5-76
12-->src\main\AndroidManifest.xml:5:22-73
13    <uses-permission android:name="android.permission.INTERNET" />
13-->[com.google.firebase:firebase-auth:23.1.0] AndroidManifest.xml:25:5-67
13-->[com.google.firebase:firebase-auth:23.1.0] AndroidManifest.xml:25:22-64
14    <uses-permission android:name="android.permission.ACCESS_NETWORK_STATE" />
14-->[com.google.firebase:firebase-auth:23.1.0] AndroidManifest.xml:26:5-79
14-->[com.google.firebase:firebase-auth:23.1.0] AndroidManifest.xml:26:22-76
15    <uses-permission android:name="com.google.android.providers.gsf.permission.READ_GSERVICES" />
15-->[com.google.android.recaptcha:recaptcha:18.5.1] AndroidManifest.xml:9:5-98
15-->[com.google.android.recaptcha:recaptcha:18.5.1] AndroidManifest.xml:9:22-95
16
17    <permission
17-->[androidx.core:core:1.13.1] AndroidManifest.xml:22:5-24:47
18        android:name="com.example.nammashaaleinventory.DYNAMIC_RECEIVER_NOT_EXPORTED_PERMISSION"
18-->[androidx.core:core:1.13.1] AndroidManifest.xml:23:9-81
19        android:protectionLevel="signature" />
19-->[androidx.core:core:1.13.1] AndroidManifest.xml:24:9-44
20
21    <uses-permission android:name="com.example.nammashaaleinventory.DYNAMIC_RECEIVER_NOT_EXPORTED_PERMISSION" />
21-->[androidx.core:core:1.13.1] AndroidManifest.xml:26:5-97
21-->[androidx.core:core:1.13.1] AndroidManifest.xml:26:22-94
22
23    <application
23-->src\main\AndroidManifest.xml:7:5-23:19
24        android:name="com.example.nammashaaleinventory.NammaShaaleApp"
24-->src\main\AndroidManifest.xml:8:9-39
25        android:allowBackup="true"
25-->src\main\AndroidManifest.xml:9:9-35
26        android:appComponentFactory="androidx.core.app.CoreComponentFactory"
26-->[androidx.core:core:1.13.1] AndroidManifest.xml:28:18-86
27        android:debuggable="true"
28        android:extractNativeLibs="false"
29        android:icon="@mipmap/ic_launcher"
29-->src\main\AndroidManifest.xml:10:9-43
30        android:label="Namma-Shaale Inventory"
30-->src\main\AndroidManifest.xml:11:9-47
31        android:roundIcon="@mipmap/ic_launcher_round"
31-->src\main\AndroidManifest.xml:12:9-54
32        android:supportsRtl="true"
32-->src\main\AndroidManifest.xml:13:9-35
33        android:testOnly="true"
34        android:theme="@style/Theme.NammaShaaleInventory" >
34-->src\main\AndroidManifest.xml:14:9-58
35        <activity
35-->src\main\AndroidManifest.xml:15:9-22:20
36            android:name="com.example.nammashaaleinventory.MainActivity"
36-->src\main\AndroidManifest.xml:16:13-41
37            android:exported="true" >
37-->src\main\AndroidManifest.xml:17:13-36
38            <intent-filter>
38-->src\main\AndroidManifest.xml:18:13-21:29
39                <action android:name="android.intent.action.MAIN" />
39-->src\main\AndroidManifest.xml:19:17-69
39-->src\main\AndroidManifest.xml:19:25-66
40
41                <category android:name="android.intent.category.LAUNCHER" />
41-->src\main\AndroidManifest.xml:20:17-77
41-->src\main\AndroidManifest.xml:20:27-74
42            </intent-filter>
43        </activity>
44        <activity
44-->[androidx.compose.ui:ui-tooling-android:1.7.6] AndroidManifest.xml:23:9-25:39
45            android:name="androidx.compose.ui.tooling.PreviewActivity"
45-->[androidx.compose.ui:ui-tooling-android:1.7.6] AndroidManifest.xml:24:13-71
46            android:exported="true" />
46-->[androidx.compose.ui:ui-tooling-android:1.7.6] AndroidManifest.xml:25:13-36
47        <activity
47-->[androidx.compose.ui:ui-test-manifest:1.7.6] AndroidManifest.xml:23:9-25:39
48            android:name="androidx.activity.ComponentActivity"
48-->[androidx.compose.ui:ui-test-manifest:1.7.6] AndroidManifest.xml:24:13-63
49            android:exported="true" />
49-->[androidx.compose.ui:ui-test-manifest:1.7.6] AndroidManifest.xml:25:13-36
50
51        <service
51-->[com.google.firebase:firebase-auth-ktx:23.1.0] AndroidManifest.xml:8:9-14:19
52            android:name="com.google.firebase.components.ComponentDiscoveryService"
52-->[com.google.firebase:firebase-auth-ktx:23.1.0] AndroidManifest.xml:9:13-84
53            android:directBootAware="true"
53-->[com.google.firebase:firebase-common:21.0.0] AndroidManifest.xml:32:13-43
54            android:exported="false" >
54-->[com.google.firebase:firebase-auth-ktx:23.1.0] AndroidManifest.xml:10:13-37
55            <meta-data
55-->[com.google.firebase:firebase-auth-ktx:23.1.0] AndroidManifest.xml:11:13-13:85
56                android:name="com.google.firebase.components:com.google.firebase.auth.ktx.FirebaseAuthLegacyRegistrar"
56-->[com.google.firebase:firebase-auth-ktx:23.1.0] AndroidManifest.xml:12:17-119
57                android:value="com.google.firebase.components.ComponentRegistrar" />
57-->[com.google.firebase:firebase-auth-ktx:23.1.0] AndroidManifest.xml:13:17-82
58            <meta-data
58-->[com.google.firebase:firebase-auth:23.1.0] AndroidManifest.xml:69:13-71:85
59                android:name="com.google.firebase.components:com.google.firebase.auth.FirebaseAuthRegistrar"
59-->[com.google.firebase:firebase-auth:23.1.0] AndroidManifest.xml:70:17-109
60                android:value="com.google.firebase.components.ComponentRegistrar" />
60-->[com.google.firebase:firebase-auth:23.1.0] AndroidManifest.xml:71:17-82
61            <meta-data
61-->[com.google.firebase:firebase-common-ktx:21.0.0] AndroidManifest.xml:12:13-14:85
62                android:name="com.google.firebase.components:com.google.firebase.ktx.FirebaseCommonLegacyRegistrar"
62-->[com.google.firebase:firebase-common-ktx:21.0.0] AndroidManifest.xml:13:17-116
63                android:value="com.google.firebase.components.ComponentRegistrar" />
63-->[com.google.firebase:firebase-common-ktx:21.0.0] AndroidManifest.xml:14:17-82
64            <meta-data
64-->[com.google.firebase:firebase-common:21.0.0] AndroidManifest.xml:35:13-37:85
65                android:name="com.google.firebase.components:com.google.firebase.FirebaseCommonKtxRegistrar"
65-->[com.google.firebase:firebase-common:21.0.0] AndroidManifest.xml:36:17-109
66                android:value="com.google.firebase.components.ComponentRegistrar" />
66-->[com.google.firebase:firebase-common:21.0.0] AndroidManifest.xml:37:17-82
67        </service>
68
69        <activity
69-->[com.google.firebase:firebase-auth:23.1.0] AndroidManifest.xml:29:9-46:20
70            android:name="com.google.firebase.auth.internal.GenericIdpActivity"
70-->[com.google.firebase:firebase-auth:23.1.0] AndroidManifest.xml:30:13-80
71            android:excludeFromRecents="true"
71-->[com.google.firebase:firebase-auth:23.1.0] AndroidManifest.xml:31:13-46
72            android:exported="true"
72-->[com.google.firebase:firebase-auth:23.1.0] AndroidManifest.xml:32:13-36
73            android:launchMode="singleTask"
73-->[com.google.firebase:firebase-auth:23.1.0] AndroidManifest.xml:33:13-44
74            android:theme="@android:style/Theme.Translucent.NoTitleBar" >
74-->[com.google.firebase:firebase-auth:23.1.0] AndroidManifest.xml:34:13-72
75            <intent-filter>
75-->[com.google.firebase:firebase-auth:23.1.0] AndroidManifest.xml:35:13-45:29
76                <action android:name="android.intent.action.VIEW" />
76-->[com.google.firebase:firebase-auth:23.1.0] AndroidManifest.xml:36:17-69
76-->[com.google.firebase:firebase-auth:23.1.0] AndroidManifest.xml:36:25-66
77
78                <category android:name="android.intent.category.DEFAULT" />
78-->[com.google.firebase:firebase-auth:23.1.0] AndroidManifest.xml:38:17-76
78-->[com.google.firebase:firebase-auth:23.1.0] AndroidManifest.xml:38:27-73
79                <category android:name="android.intent.category.BROWSABLE" />
79-->[com.google.firebase:firebase-auth:23.1.0] AndroidManifest.xml:39:17-78
79-->[com.google.firebase:firebase-auth:23.1.0] AndroidManifest.xml:39:27-75
80
81                <data
81-->[com.google.firebase:firebase-auth:23.1.0] AndroidManifest.xml:41:17-44:51
82                    android:host="firebase.auth"
82-->[com.google.firebase:firebase-auth:23.1.0] AndroidManifest.xml:42:21-49
83                    android:path="/"
83-->[com.google.firebase:firebase-auth:23.1.0] AndroidManifest.xml:43:21-37
84                    android:scheme="genericidp" />
84-->[com.google.firebase:firebase-auth:23.1.0] AndroidManifest.xml:44:21-48
85            </intent-filter>
86        </activity>
87        <activity
87-->[com.google.firebase:firebase-auth:23.1.0] AndroidManifest.xml:47:9-64:20
88            android:name="com.google.firebase.auth.internal.RecaptchaActivity"
88-->[com.google.firebase:firebase-auth:23.1.0] AndroidManifest.xml:48:13-79
89            android:excludeFromRecents="true"
89-->[com.google.firebase:firebase-auth:23.1.0] AndroidManifest.xml:49:13-46
90            android:exported="true"
90-->[com.google.firebase:firebase-auth:23.1.0] AndroidManifest.xml:50:13-36
91            android:launchMode="singleTask"
91-->[com.google.firebase:firebase-auth:23.1.0] AndroidManifest.xml:51:13-44
92            android:theme="@android:style/Theme.Translucent.NoTitleBar" >
92-->[com.google.firebase:firebase-auth:23.1.0] AndroidManifest.xml:52:13-72
93            <intent-filter>
93-->[com.google.firebase:firebase-auth:23.1.0] AndroidManifest.xml:53:13-63:29
94                <action android:name="android.intent.action.VIEW" />
94-->[com.google.firebase:firebase-auth:23.1.0] AndroidManifest.xml:36:17-69
94-->[com.google.firebase:firebase-auth:23.1.0] AndroidManifest.xml:36:25-66
95
96                <category android:name="android.intent.category.DEFAULT" />
96-->[com.google.firebase:firebase-auth:23.1.0] AndroidManifest.xml:38:17-76
96-->[com.google.firebase:firebase-auth:23.1.0] AndroidManifest.xml:38:27-73
97                <category android:name="android.intent.category.BROWSABLE" />
97-->[com.google.firebase:firebase-auth:23.1.0] AndroidManifest.xml:39:17-78
97-->[com.google.firebase:firebase-auth:23.1.0] AndroidManifest.xml:39:27-75
98
99                <data
99-->[com.google.firebase:firebase-auth:23.1.0] AndroidManifest.xml:41:17-44:51
100                    android:host="firebase.auth"
100-->[com.google.firebase:firebase-auth:23.1.0] AndroidManifest.xml:42:21-49
101                    android:path="/"
101-->[com.google.firebase:firebase-auth:23.1.0] AndroidManifest.xml:43:21-37
102                    android:scheme="recaptcha" />
102-->[com.google.firebase:firebase-auth:23.1.0] AndroidManifest.xml:44:21-48
103            </intent-filter>
104        </activity>
105
106        <provider
106-->[com.google.firebase:firebase-common:21.0.0] AndroidManifest.xml:23:9-28:39
107            android:name="com.google.firebase.provider.FirebaseInitProvider"
107-->[com.google.firebase:firebase-common:21.0.0] AndroidManifest.xml:24:13-77
108            android:authorities="com.example.nammashaaleinventory.firebaseinitprovider"
108-->[com.google.firebase:firebase-common:21.0.0] AndroidManifest.xml:25:13-72
109            android:directBootAware="true"
109-->[com.google.firebase:firebase-common:21.0.0] AndroidManifest.xml:26:13-43
110            android:exported="false"
110-->[com.google.firebase:firebase-common:21.0.0] AndroidManifest.xml:27:13-37
111            android:initOrder="100" />
111-->[com.google.firebase:firebase-common:21.0.0] AndroidManifest.xml:28:13-36
112
113        <service
113-->[androidx.credentials:credentials-play-services-auth:1.2.0-rc01] AndroidManifest.xml:24:9-32:19
114            android:name="androidx.credentials.playservices.CredentialProviderMetadataHolder"
114-->[androidx.credentials:credentials-play-services-auth:1.2.0-rc01] AndroidManifest.xml:25:13-94
115            android:enabled="true"
115-->[androidx.credentials:credentials-play-services-auth:1.2.0-rc01] AndroidManifest.xml:26:13-35
116            android:exported="false" >
116-->[androidx.credentials:credentials-play-services-auth:1.2.0-rc01] AndroidManifest.xml:27:13-37
117            <meta-data
117-->[androidx.credentials:credentials-play-services-auth:1.2.0-rc01] AndroidManifest.xml:29:13-31:104
118                android:name="androidx.credentials.CREDENTIAL_PROVIDER_KEY"
118-->[androidx.credentials:credentials-play-services-auth:1.2.0-rc01] AndroidManifest.xml:30:17-76
119                android:value="androidx.credentials.playservices.CredentialProviderPlayServicesImpl" />
119-->[androidx.credentials:credentials-play-services-auth:1.2.0-rc01] AndroidManifest.xml:31:17-101
120        </service>
121
122        <activity
122-->[androidx.credentials:credentials-play-services-auth:1.2.0-rc01] AndroidManifest.xml:34:9-41:20
123            android:name="androidx.credentials.playservices.HiddenActivity"
123-->[androidx.credentials:credentials-play-services-auth:1.2.0-rc01] AndroidManifest.xml:35:13-76
124            android:configChanges="orientation|screenSize|screenLayout|keyboardHidden"
124-->[androidx.credentials:credentials-play-services-auth:1.2.0-rc01] AndroidManifest.xml:36:13-87
125            android:enabled="true"
125-->[androidx.credentials:credentials-play-services-auth:1.2.0-rc01] AndroidManifest.xml:37:13-35
126            android:exported="false"
126-->[androidx.credentials:credentials-play-services-auth:1.2.0-rc01] AndroidManifest.xml:38:13-37
127            android:fitsSystemWindows="true"
127-->[androidx.credentials:credentials-play-services-auth:1.2.0-rc01] AndroidManifest.xml:39:13-45
128            android:theme="@style/Theme.Hidden" >
128-->[androidx.credentials:credentials-play-services-auth:1.2.0-rc01] AndroidManifest.xml:40:13-48
129        </activity>
130        <activity
130-->[com.google.android.gms:play-services-auth:20.7.0] AndroidManifest.xml:23:9-27:75
131            android:name="com.google.android.gms.auth.api.signin.internal.SignInHubActivity"
131-->[com.google.android.gms:play-services-auth:20.7.0] AndroidManifest.xml:24:13-93
132            android:excludeFromRecents="true"
132-->[com.google.android.gms:play-services-auth:20.7.0] AndroidManifest.xml:25:13-46
133            android:exported="false"
133-->[com.google.android.gms:play-services-auth:20.7.0] AndroidManifest.xml:26:13-37
134            android:theme="@android:style/Theme.Translucent.NoTitleBar" />
134-->[com.google.android.gms:play-services-auth:20.7.0] AndroidManifest.xml:27:13-72
135        <!--
136            Service handling Google Sign-In user revocation. For apps that do not integrate with
137            Google Sign-In, this service will never be started.
138        -->
139        <service
139-->[com.google.android.gms:play-services-auth:20.7.0] AndroidManifest.xml:33:9-37:51
140            android:name="com.google.android.gms.auth.api.signin.RevocationBoundService"
140-->[com.google.android.gms:play-services-auth:20.7.0] AndroidManifest.xml:34:13-89
141            android:exported="true"
141-->[com.google.android.gms:play-services-auth:20.7.0] AndroidManifest.xml:35:13-36
142            android:permission="com.google.android.gms.auth.api.signin.permission.REVOCATION_NOTIFICATION"
142-->[com.google.android.gms:play-services-auth:20.7.0] AndroidManifest.xml:36:13-107
143            android:visibleToInstantApps="true" />
143-->[com.google.android.gms:play-services-auth:20.7.0] AndroidManifest.xml:37:13-48
144        <service
144-->[androidx.room:room-runtime:2.6.1] AndroidManifest.xml:24:9-28:63
145            android:name="androidx.room.MultiInstanceInvalidationService"
145-->[androidx.room:room-runtime:2.6.1] AndroidManifest.xml:25:13-74
146            android:directBootAware="true"
146-->[androidx.room:room-runtime:2.6.1] AndroidManifest.xml:26:13-43
147            android:exported="false" />
147-->[androidx.room:room-runtime:2.6.1] AndroidManifest.xml:27:13-37
148
149        <provider
149-->[androidx.emoji2:emoji2:1.3.0] AndroidManifest.xml:24:9-32:20
150            android:name="androidx.startup.InitializationProvider"
150-->[androidx.emoji2:emoji2:1.3.0] AndroidManifest.xml:25:13-67
151            android:authorities="com.example.nammashaaleinventory.androidx-startup"
151-->[androidx.emoji2:emoji2:1.3.0] AndroidManifest.xml:26:13-68
152            android:exported="false" >
152-->[androidx.emoji2:emoji2:1.3.0] AndroidManifest.xml:27:13-37
153            <meta-data
153-->[androidx.emoji2:emoji2:1.3.0] AndroidManifest.xml:29:13-31:52
154                android:name="androidx.emoji2.text.EmojiCompatInitializer"
154-->[androidx.emoji2:emoji2:1.3.0] AndroidManifest.xml:30:17-75
155                android:value="androidx.startup" />
155-->[androidx.emoji2:emoji2:1.3.0] AndroidManifest.xml:31:17-49
156            <meta-data
156-->[androidx.lifecycle:lifecycle-process:2.8.7] AndroidManifest.xml:29:13-31:52
157                android:name="androidx.lifecycle.ProcessLifecycleInitializer"
157-->[androidx.lifecycle:lifecycle-process:2.8.7] AndroidManifest.xml:30:17-78
158                android:value="androidx.startup" />
158-->[androidx.lifecycle:lifecycle-process:2.8.7] AndroidManifest.xml:31:17-49
159            <meta-data
159-->[androidx.profileinstaller:profileinstaller:1.3.1] AndroidManifest.xml:29:13-31:52
160                android:name="androidx.profileinstaller.ProfileInstallerInitializer"
160-->[androidx.profileinstaller:profileinstaller:1.3.1] AndroidManifest.xml:30:17-85
161                android:value="androidx.startup" />
161-->[androidx.profileinstaller:profileinstaller:1.3.1] AndroidManifest.xml:31:17-49
162        </provider>
163
164        <activity
164-->[com.google.android.gms:play-services-base:18.0.1] AndroidManifest.xml:20:9-22:45
165            android:name="com.google.android.gms.common.api.GoogleApiActivity"
165-->[com.google.android.gms:play-services-base:18.0.1] AndroidManifest.xml:20:19-85
166            android:exported="false"
166-->[com.google.android.gms:play-services-base:18.0.1] AndroidManifest.xml:22:19-43
167            android:theme="@android:style/Theme.Translucent.NoTitleBar" />
167-->[com.google.android.gms:play-services-base:18.0.1] AndroidManifest.xml:21:19-78
168
169        <meta-data
169-->[com.google.android.gms:play-services-basement:18.4.0] AndroidManifest.xml:6:9-122
170            android:name="com.google.android.gms.version"
170-->[com.google.android.gms:play-services-basement:18.4.0] AndroidManifest.xml:6:20-65
171            android:value="@integer/google_play_services_version" />
171-->[com.google.android.gms:play-services-basement:18.4.0] AndroidManifest.xml:6:66-119
172
173        <receiver
173-->[androidx.profileinstaller:profileinstaller:1.3.1] AndroidManifest.xml:34:9-52:20
174            android:name="androidx.profileinstaller.ProfileInstallReceiver"
174-->[androidx.profileinstaller:profileinstaller:1.3.1] AndroidManifest.xml:35:13-76
175            android:directBootAware="false"
175-->[androidx.profileinstaller:profileinstaller:1.3.1] AndroidManifest.xml:36:13-44
176            android:enabled="true"
176-->[androidx.profileinstaller:profileinstaller:1.3.1] AndroidManifest.xml:37:13-35
177            android:exported="true"
177-->[androidx.profileinstaller:profileinstaller:1.3.1] AndroidManifest.xml:38:13-36
178            android:permission="android.permission.DUMP" >
178-->[androidx.profileinstaller:profileinstaller:1.3.1] AndroidManifest.xml:39:13-57
179            <intent-filter>
179-->[androidx.profileinstaller:profileinstaller:1.3.1] AndroidManifest.xml:40:13-42:29
180                <action android:name="androidx.profileinstaller.action.INSTALL_PROFILE" />
180-->[androidx.profileinstaller:profileinstaller:1.3.1] AndroidManifest.xml:41:17-91
180-->[androidx.profileinstaller:profileinstaller:1.3.1] AndroidManifest.xml:41:25-88
181            </intent-filter>
182            <intent-filter>
182-->[androidx.profileinstaller:profileinstaller:1.3.1] AndroidManifest.xml:43:13-45:29
183                <action android:name="androidx.profileinstaller.action.SKIP_FILE" />
183-->[androidx.profileinstaller:profileinstaller:1.3.1] AndroidManifest.xml:44:17-85
183-->[androidx.profileinstaller:profileinstaller:1.3.1] AndroidManifest.xml:44:25-82
184            </intent-filter>
185            <intent-filter>
185-->[androidx.profileinstaller:profileinstaller:1.3.1] AndroidManifest.xml:46:13-48:29
186                <action android:name="androidx.profileinstaller.action.SAVE_PROFILE" />
186-->[androidx.profileinstaller:profileinstaller:1.3.1] AndroidManifest.xml:47:17-88
186-->[androidx.profileinstaller:profileinstaller:1.3.1] AndroidManifest.xml:47:25-85
187            </intent-filter>
188            <intent-filter>
188-->[androidx.profileinstaller:profileinstaller:1.3.1] AndroidManifest.xml:49:13-51:29
189                <action android:name="androidx.profileinstaller.action.BENCHMARK_OPERATION" />
189-->[androidx.profileinstaller:profileinstaller:1.3.1] AndroidManifest.xml:50:17-95
189-->[androidx.profileinstaller:profileinstaller:1.3.1] AndroidManifest.xml:50:25-92
190            </intent-filter>
191        </receiver> <!-- The activities will be merged into the manifest of the hosting app. -->
192        <activity
192-->[com.google.android.play:core-common:2.0.3] AndroidManifest.xml:14:9-18:65
193            android:name="com.google.android.play.core.common.PlayCoreDialogWrapperActivity"
193-->[com.google.android.play:core-common:2.0.3] AndroidManifest.xml:15:13-93
194            android:exported="false"
194-->[com.google.android.play:core-common:2.0.3] AndroidManifest.xml:16:13-37
195            android:stateNotNeeded="true"
195-->[com.google.android.play:core-common:2.0.3] AndroidManifest.xml:17:13-42
196            android:theme="@style/Theme.PlayCore.Transparent" />
196-->[com.google.android.play:core-common:2.0.3] AndroidManifest.xml:18:13-62
197    </application>
198
199</manifest>